c:\users\ibm\desktop\chat_server\chat_server\chat_project\struct\debug\struct.pch
c:\users\ibm\desktop\chat_server\chat_server\chat_project\struct\debug\vc142.pdb
c:\users\ibm\desktop\chat_server\chat_server\chat_project\struct\debug\pch.obj
c:\users\ibm\desktop\chat_server\chat_server\chat_project\struct\debug\.netframework,version=v4.7.2.assemblyattributes.obj
c:\users\ibm\desktop\chat_server\chat_server\chat_project\struct\debug\form1.obj
c:\users\ibm\desktop\chat_server\chat_server\chat_project\struct\debug\cppclr_winformsprojekt.obj
c:\users\ibm\desktop\chat_server\chat_server\chat_project\struct\debug\control.obj
c:\users\ibm\desktop\chat_server\chat_server\chat_project\struct\debug\assemblyinfo.obj
c:\users\ibm\desktop\chat_server\chat_server\chat_project\debug\struct.exe
c:\users\ibm\desktop\chat_server\chat_server\chat_project\debug\struct.pdb
c:\users\ibm\desktop\chat_server\chat_server\chat_project\struct\debug\app.res
c:\users\ibm\desktop\chat_server\chat_server\chat_project\struct\debug\struct.tlog\cl.command.1.tlog
c:\users\ibm\desktop\chat_server\chat_server\chat_project\struct\debug\struct.tlog\cl.read.1.tlog
c:\users\ibm\desktop\chat_server\chat_server\chat_project\struct\debug\struct.tlog\cl.write.1.tlog
c:\users\ibm\desktop\chat_server\chat_server\chat_project\struct\debug\struct.tlog\link.command.1.tlog
c:\users\ibm\desktop\chat_server\chat_server\chat_project\struct\debug\struct.tlog\link.read.1.tlog
c:\users\ibm\desktop\chat_server\chat_server\chat_project\struct\debug\struct.tlog\link.write.1.tlog
c:\users\ibm\desktop\chat_server\chat_server\chat_project\struct\debug\struct.tlog\metagen.read.1.tlog
c:\users\ibm\desktop\chat_server\chat_server\chat_project\struct\debug\struct.tlog\metagen.write.1.tlog
c:\users\ibm\desktop\chat_server\chat_server\chat_project\struct\debug\struct.tlog\rc.command.1.tlog
c:\users\ibm\desktop\chat_server\chat_server\chat_project\struct\debug\struct.tlog\rc.read.1.tlog
c:\users\ibm\desktop\chat_server\chat_server\chat_project\struct\debug\struct.tlog\rc.write.1.tlog
