c:\users\ibm\desktop\chat_server\chat_server\chat_project\server\debug\vc142.pdb
c:\users\ibm\desktop\chat_server\chat_server\chat_project\server\debug\.netframework,version=v4.7.2.assemblyattributes.obj
c:\users\ibm\desktop\chat_server\chat_server\chat_project\server\debug\server.obj
c:\users\ibm\desktop\chat_server\chat_server\chat_project\server\debug\pch.obj
c:\users\ibm\desktop\chat_server\chat_server\chat_project\server\debug\mainform.obj
c:\users\ibm\desktop\chat_server\chat_server\chat_project\server\debug\main.obj
c:\users\ibm\desktop\chat_server\chat_server\chat_project\server\debug\assemblyinfo.obj
c:\users\ibm\desktop\chat_server\chat_server\chat_project\debug\server.exe
c:\users\ibm\desktop\chat_server\chat_server\chat_project\debug\server.pdb
c:\users\ibm\desktop\chat_server\chat_server\chat_project\server\debug\app.res
c:\users\ibm\desktop\chat_server\chat_server\chat_project\server\debug\server.mainform.resources
c:\users\ibm\desktop\chat_server\chat_server\chat_project\server\debug\server.tlog\cl.command.1.tlog
c:\users\ibm\desktop\chat_server\chat_server\chat_project\server\debug\server.tlog\cl.read.1.tlog
c:\users\ibm\desktop\chat_server\chat_server\chat_project\server\debug\server.tlog\cl.write.1.tlog
c:\users\ibm\desktop\chat_server\chat_server\chat_project\server\debug\server.tlog\link.command.1.tlog
c:\users\ibm\desktop\chat_server\chat_server\chat_project\server\debug\server.tlog\link.read.1.tlog
c:\users\ibm\desktop\chat_server\chat_server\chat_project\server\debug\server.tlog\link.write.1.tlog
c:\users\ibm\desktop\chat_server\chat_server\chat_project\server\debug\server.tlog\metagen.read.1.tlog
c:\users\ibm\desktop\chat_server\chat_server\chat_project\server\debug\server.tlog\metagen.write.1.tlog
c:\users\ibm\desktop\chat_server\chat_server\chat_project\server\debug\server.tlog\rc.command.1.tlog
c:\users\ibm\desktop\chat_server\chat_server\chat_project\server\debug\server.tlog\rc.read.1.tlog
c:\users\ibm\desktop\chat_server\chat_server\chat_project\server\debug\server.tlog\rc.write.1.tlog
c:\users\ibm\desktop\chat_server\chat_server\chat_project\server\debug\server.tlog\server.write.1u.tlog
