c:\users\ibm\desktop\chat_server\chat_server\chat_project\client\debug\client.pch
c:\users\ibm\desktop\chat_server\chat_server\chat_project\client\debug\vc142.pdb
c:\users\ibm\desktop\chat_server\chat_server\chat_project\client\debug\pch.obj
c:\users\ibm\desktop\chat_server\chat_server\chat_project\client\debug\setinfor.obj
c:\users\ibm\desktop\chat_server\chat_server\chat_project\client\debug\loginform.obj
c:\users\ibm\desktop\chat_server\chat_server\chat_project\client\debug\main.obj
c:\users\ibm\desktop\chat_server\chat_server\chat_project\client\debug\connectserver.obj
c:\users\ibm\desktop\chat_server\chat_server\chat_project\client\debug\client.obj
c:\users\ibm\desktop\chat_server\chat_server\chat_project\client\debug\changepasswordform.obj
c:\users\ibm\desktop\chat_server\chat_server\chat_project\client\debug\assemblyinfo.obj
c:\users\ibm\desktop\chat_server\chat_server\chat_project\client\debug\.netframework,version=v4.7.2.assemblyattributes.obj
c:\users\ibm\desktop\chat_server\chat_server\chat_project\client\debug\chatform.obj
c:\users\ibm\desktop\chat_server\chat_server\chat_project\client\debug\controller.obj
c:\users\ibm\desktop\chat_server\chat_server\chat_project\client\debug\mainform.obj
c:\users\ibm\desktop\chat_server\chat_server\chat_project\client\debug\client.changepasswordform.resources
c:\users\ibm\desktop\chat_server\chat_server\chat_project\client\debug\client.connectserver.resources
c:\users\ibm\desktop\chat_server\chat_server\chat_project\client\debug\client.mainform.resources
c:\users\ibm\desktop\chat_server\chat_server\chat_project\client\debug\client.setinfor.resources
c:\users\ibm\desktop\chat_server\chat_server\chat_project\client\debug\client.loginform.resources
c:\users\ibm\desktop\chat_server\chat_server\chat_project\client\debug\client.chatform.resources
c:\users\ibm\desktop\chat_server\chat_server\chat_project\debug\client.exe
c:\users\ibm\desktop\chat_server\chat_server\chat_project\debug\client.pdb
c:\users\ibm\desktop\chat_server\chat_server\chat_project\client\debug\app.res
c:\users\ibm\desktop\chat_server\chat_server\chat_project\client\debug\client.tlog\cl.command.1.tlog
c:\users\ibm\desktop\chat_server\chat_server\chat_project\client\debug\client.tlog\cl.read.1.tlog
c:\users\ibm\desktop\chat_server\chat_server\chat_project\client\debug\client.tlog\cl.write.1.tlog
c:\users\ibm\desktop\chat_server\chat_server\chat_project\client\debug\client.tlog\client.write.1u.tlog
c:\users\ibm\desktop\chat_server\chat_server\chat_project\client\debug\client.tlog\link.command.1.tlog
c:\users\ibm\desktop\chat_server\chat_server\chat_project\client\debug\client.tlog\link.read.1.tlog
c:\users\ibm\desktop\chat_server\chat_server\chat_project\client\debug\client.tlog\link.write.1.tlog
c:\users\ibm\desktop\chat_server\chat_server\chat_project\client\debug\client.tlog\metagen.read.1.tlog
c:\users\ibm\desktop\chat_server\chat_server\chat_project\client\debug\client.tlog\metagen.write.1.tlog
c:\users\ibm\desktop\chat_server\chat_server\chat_project\client\debug\client.tlog\rc.command.1.tlog
c:\users\ibm\desktop\chat_server\chat_server\chat_project\client\debug\client.tlog\rc.read.1.tlog
c:\users\ibm\desktop\chat_server\chat_server\chat_project\client\debug\client.tlog\rc.write.1.tlog
